Arguments: 
  C:\Program Files\nodejs\node.exe C:\Program Files (x86)\Yarn\bin\yarn.js

PATH: 
  C:\Python27\;C:\Python27\Scripts;C:\Program Files (x86)\Common Files\Oracle\Java\javapath;C:\Windows\system32;C:\Windows;C:\Windows\System32\Wbem;C:\Windows\System32\WindowsPowerShell\v1.0\;C:\ProgramData\chocolatey\bin;C:\Program Files\Git\cmd;C:\Program Files\nodejs\;C:\Program Files (x86)\Yarn\bin\;C:\Users\zerot\AppData\Local\Microsoft\WindowsApps;C:\Users\zerot\AppData\Local\.meteor;C:\Users\zerot\AppData\Local\Android\Sdk\platform-tools;C:\Users\zerot\AppData\Roaming\npm;C:\Program Files\Microsoft VS Code\bin;C:\Users\zerot\AppData\Local\Yarn\bin

Yarn version: 
  1.6.0

Node version: 
  8.11.1

Platform: 
  win32 x64

Trace: 
  Error: connect ECONNABORTED 104.16.63.173:443
      at Object._errnoException (util.js:1022:11)
      at _exceptionWithHostPort (util.js:1044:20)
      at TCPConnectWrap.afterConnect [as oncomplete] (net.js:1198:14)

npm manifest: 
  {
    "name": "cordova-react-starterkit",
    "version": "0.0.1",
    "description": "Cordova App Starter Kit with React and Redux",
    "main": "index.js",
    "scripts": {
      "test": "cross-env NODE_ENV=test NODE_PATH=. mocha --compilers js:babel-core/register --require test/setup --recursive",
      "start": "webpack-dev-server --content-base www/",
      "build": "webpack",
      "build:watch": "npm run build -- --watch",
      "gen-icons": "cordova-icon"
    },
    "repository": {
      "type": "git",
      "url": "git+https://github.com/drudv/cordova-react-starterkit.git"
    },
    "author": "Dmitry Druganov",
    "license": "MIT",
    "bugs": {
      "url": "https://github.com/drudv/cordova-react-starterkit/issues"
    },
    "homepage": "https://github.com/drudv/cordova-react-starterkit#readme",
    "devDependencies": {
      "babel-core": "^6.25.0",
      "babel-eslint": "^7.2.3",
      "babel-loader": "^7.1.1",
      "babel-plugin-transform-decorators-legacy": "^1.3.4",
      "babel-polyfill": "^6.23.0",
      "babel-preset-es2015": "^6.24.1",
      "babel-preset-react": "^6.24.1",
      "babel-preset-stage-1": "^6.24.1",
      "chai": "^4.1.1",
      "cordova-icon": "^0.10.0",
      "cross-env": "^5.0.4",
      "css-loader": "^0.28.7",
      "eslint": "^4.4.0",
      "eslint-plugin-react": "^7.1.0",
      "extract-text-webpack-plugin": "^3.0.1",
      "file-loader": "^0.11.2",
      "jsdom": "^11.1.0",
      "mocha": "^3.5.0",
      "postcss-cssnext": "^3.0.2",
      "postcss-import": "^11.0.0",
      "postcss-loader": "^2.0.8",
      "postcss-url": "^7.1.2",
      "style-loader": "^0.18.2",
      "webpack": "^3.4.1"
    },
    "dependencies": {
      "babel-polyfill": "^6.26.0",
      "cordova-android": "^6.2.3",
      "cordova-plugin-device": "git+https://github.com/apache/cordova-plugin-device.git",
      "cordova-plugin-network-information": "git+https://github.com/apache/cordova-plugin-network-information.git",
      "cordova-plugin-whitelist": "^1.3.2",
      "onsenui": "^2.7.0",
      "phonegap-plugin-mobile-accessibility": "git+https://github.com/phonegap/phonegap-mobile-accessibility.git",
      "prop-types": "^15.5.10",
      "react": "^15.6.1",
      "react-dom": "^15.6.1",
      "react-onsenui": "^1.8.0",
      "react-redux": "^5.0.5",
      "react-router-dom": "^4.2.2",
      "redux": "^3.7.2",
      "redux-logger": "^3.0.6",
      "redux-thunk": "^2.2.0"
    },
    "cordova": {
      "plugins": {
        "cordova-plugin-whitelist": {},
        "phonegap-plugin-mobile-accessibility": {}
      },
      "platforms": [
        "android"
      ]
    }
  }

yarn manifest: 
  No manifest

Lockfile: 
  No lockfile
